2017-07-02 4:04:41 - PHP Notice:  Undefined variable: text_category in C:\xampp\htdocs\cms\shophai\catalog\view\theme\store1\template\extension\module\category.tpl on line 7
2017-07-02 4:04:48 - PHP Notice:  Undefined variable: text_category in C:\xampp\htdocs\cms\shophai\catalog\view\theme\store1\template\extension\module\category.tpl on line 7
2017-07-02 4:04:51 - PHP Notice:  Undefined variable: text_category in C:\xampp\htdocs\cms\shophai\catalog\view\theme\store1\template\extension\module\category.tpl on line 7
2017-07-02 4:04:55 - PHP Notice:  Undefined variable: text_category in C:\xampp\htdocs\cms\shophai\catalog\view\theme\store1\template\extension\module\category.tpl on line 7
2017-07-02 4:05:03 - PHP Notice:  Undefined variable: text_category in C:\xampp\htdocs\cms\shophai\catalog\view\theme\store1\template\extension\module\category.tpl on line 7
2017-07-02 4:08:12 - PHP Notice:  Undefined variable: text_category in C:\xampp\htdocs\cms\shophai\catalog\view\theme\store1\template\extension\module\category.tpl on line 7
2017-07-02 4:08:16 - PHP Notice:  Undefined variable: text_category in C:\xampp\htdocs\cms\shophai\catalog\view\theme\store1\template\extension\module\category.tpl on line 7
2017-07-02 4:09:03 - PHP Notice:  Undefined variable: text_category in C:\xampp\htdocs\cms\shophai\catalog\view\theme\store1\template\extension\module\category.tpl on line 7
2017-07-02 4:09:08 - PHP Notice:  Undefined variable: text_category in C:\xampp\htdocs\cms\shophai\catalog\view\theme\store1\template\extension\module\category.tpl on line 7
2017-07-02 4:09:09 - PHP Notice:  Undefined variable: text_category in C:\xampp\htdocs\cms\shophai\catalog\view\theme\store1\template\extension\module\category.tpl on line 7
2017-07-02 4:12:01 - PHP Notice:  Undefined variable: text_category in C:\xampp\htdocs\cms\shophai\catalog\view\theme\store1\template\extension\module\category.tpl on line 7
2017-07-02 4:13:13 - PHP Notice:  Undefined variable: text_category in C:\xampp\htdocs\cms\shophai\catalog\view\theme\store1\template\extension\module\category.tpl on line 7
2017-07-02 4:13:15 - PHP Notice:  Undefined variable: text_category in C:\xampp\htdocs\cms\shophai\catalog\view\theme\store1\template\extension\module\category.tpl on line 7
2017-07-02 4:13:21 - PHP Notice:  Undefined variable: text_category in C:\xampp\htdocs\cms\shophai\catalog\view\theme\store1\template\extension\module\category.tpl on line 7
2017-07-02 4:15:43 - PHP Notice:  Undefined variable: text_category in C:\xampp\htdocs\cms\shophai\catalog\view\theme\store1\template\extension\module\category.tpl on line 7
2017-07-02 4:15:46 - PHP Notice:  Undefined variable: text_category in C:\xampp\htdocs\cms\shophai\catalog\view\theme\store1\template\extension\module\category.tpl on line 7
2017-07-02 4:15:47 - PHP Notice:  Undefined variable: text_category in C:\xampp\htdocs\cms\shophai\catalog\view\theme\store1\template\extension\module\category.tpl on line 7
2017-07-02 4:15:48 - PHP Notice:  Undefined variable: text_category in C:\xampp\htdocs\cms\shophai\catalog\view\theme\store1\template\extension\module\category.tpl on line 7
2017-07-02 4:15:52 - PHP Notice:  Undefined variable: text_category in C:\xampp\htdocs\cms\shophai\catalog\view\theme\store1\template\extension\module\category.tpl on line 7
2017-07-02 4:15:52 - PHP Warning:  Illegal string offset 'value' in C:\xampp\htdocs\cms\shophai\catalog\view\theme\store1\template\product\category.tpl on line 138
2017-07-02 4:15:52 - PHP Warning:  Illegal string offset 'href' in C:\xampp\htdocs\cms\shophai\catalog\view\theme\store1\template\product\category.tpl on line 141
2017-07-02 4:15:52 - PHP Warning:  Illegal string offset 'text' in C:\xampp\htdocs\cms\shophai\catalog\view\theme\store1\template\product\category.tpl on line 141
2017-07-02 4:15:52 - PHP Warning:  Illegal string offset 'value' in C:\xampp\htdocs\cms\shophai\catalog\view\theme\store1\template\product\category.tpl on line 138
2017-07-02 4:15:52 - PHP Warning:  Illegal string offset 'href' in C:\xampp\htdocs\cms\shophai\catalog\view\theme\store1\template\product\category.tpl on line 141
2017-07-02 4:15:52 - PHP Warning:  Illegal string offset 'text' in C:\xampp\htdocs\cms\shophai\catalog\view\theme\store1\template\product\category.tpl on line 141
2017-07-02 4:15:52 - PHP Warning:  Illegal string offset 'value' in C:\xampp\htdocs\cms\shophai\catalog\view\theme\store1\template\product\category.tpl on line 138
2017-07-02 4:15:52 - PHP Warning:  Illegal string offset 'href' in C:\xampp\htdocs\cms\shophai\catalog\view\theme\store1\template\product\category.tpl on line 141
2017-07-02 4:15:52 - PHP Warning:  Illegal string offset 'text' in C:\xampp\htdocs\cms\shophai\catalog\view\theme\store1\template\product\category.tpl on line 141
2017-07-02 4:15:52 - PHP Warning:  Illegal string offset 'value' in C:\xampp\htdocs\cms\shophai\catalog\view\theme\store1\template\product\category.tpl on line 152
2017-07-02 4:15:52 - PHP Warning:  Illegal string offset 'href' in C:\xampp\htdocs\cms\shophai\catalog\view\theme\store1\template\product\category.tpl on line 155
2017-07-02 4:15:52 - PHP Warning:  Illegal string offset 'text' in C:\xampp\htdocs\cms\shophai\catalog\view\theme\store1\template\product\category.tpl on line 155
2017-07-02 4:15:58 - PHP Notice:  Undefined variable: text_category in C:\xampp\htdocs\cms\shophai\catalog\view\theme\store1\template\extension\module\category.tpl on line 7
2017-07-02 4:17:01 - PHP Notice:  Undefined variable: text_category in C:\xampp\htdocs\cms\shophai\catalog\view\theme\store1\template\extension\module\category.tpl on line 7
2017-07-02 4:17:01 - PHP Warning:  Illegal string offset 'value' in C:\xampp\htdocs\cms\shophai\catalog\view\theme\store1\template\product\category.tpl on line 138
2017-07-02 4:17:01 - PHP Warning:  Illegal string offset 'href' in C:\xampp\htdocs\cms\shophai\catalog\view\theme\store1\template\product\category.tpl on line 141
2017-07-02 4:17:01 - PHP Warning:  Illegal string offset 'text' in C:\xampp\htdocs\cms\shophai\catalog\view\theme\store1\template\product\category.tpl on line 141
2017-07-02 4:17:01 - PHP Warning:  Illegal string offset 'value' in C:\xampp\htdocs\cms\shophai\catalog\view\theme\store1\template\product\category.tpl on line 138
2017-07-02 4:17:01 - PHP Warning:  Illegal string offset 'href' in C:\xampp\htdocs\cms\shophai\catalog\view\theme\store1\template\product\category.tpl on line 141
2017-07-02 4:17:01 - PHP Warning:  Illegal string offset 'text' in C:\xampp\htdocs\cms\shophai\catalog\view\theme\store1\template\product\category.tpl on line 141
2017-07-02 4:17:01 - PHP Warning:  Illegal string offset 'value' in C:\xampp\htdocs\cms\shophai\catalog\view\theme\store1\template\product\category.tpl on line 138
2017-07-02 4:17:01 - PHP Warning:  Illegal string offset 'href' in C:\xampp\htdocs\cms\shophai\catalog\view\theme\store1\template\product\category.tpl on line 141
2017-07-02 4:17:01 - PHP Warning:  Illegal string offset 'text' in C:\xampp\htdocs\cms\shophai\catalog\view\theme\store1\template\product\category.tpl on line 141
2017-07-02 4:17:01 - PHP Warning:  Illegal string offset 'value' in C:\xampp\htdocs\cms\shophai\catalog\view\theme\store1\template\product\category.tpl on line 152
2017-07-02 4:17:01 - PHP Warning:  Illegal string offset 'href' in C:\xampp\htdocs\cms\shophai\catalog\view\theme\store1\template\product\category.tpl on line 155
2017-07-02 4:17:01 - PHP Warning:  Illegal string offset 'text' in C:\xampp\htdocs\cms\shophai\catalog\view\theme\store1\template\product\category.tpl on line 155
2017-07-02 4:17:03 - PHP Notice:  Undefined variable: text_category in C:\xampp\htdocs\cms\shophai\catalog\view\theme\store1\template\extension\module\category.tpl on line 7
2017-07-02 4:17:04 - PHP Warning:  Illegal string offset 'value' in C:\xampp\htdocs\cms\shophai\catalog\view\theme\store1\template\product\category.tpl on line 138
2017-07-02 4:17:04 - PHP Warning:  Illegal string offset 'href' in C:\xampp\htdocs\cms\shophai\catalog\view\theme\store1\template\product\category.tpl on line 141
2017-07-02 4:17:04 - PHP Warning:  Illegal string offset 'text' in C:\xampp\htdocs\cms\shophai\catalog\view\theme\store1\template\product\category.tpl on line 141
2017-07-02 4:17:04 - PHP Warning:  Illegal string offset 'value' in C:\xampp\htdocs\cms\shophai\catalog\view\theme\store1\template\product\category.tpl on line 138
2017-07-02 4:17:04 - PHP Warning:  Illegal string offset 'href' in C:\xampp\htdocs\cms\shophai\catalog\view\theme\store1\template\product\category.tpl on line 141
2017-07-02 4:17:04 - PHP Warning:  Illegal string offset 'text' in C:\xampp\htdocs\cms\shophai\catalog\view\theme\store1\template\product\category.tpl on line 141
2017-07-02 4:17:04 - PHP Warning:  Illegal string offset 'value' in C:\xampp\htdocs\cms\shophai\catalog\view\theme\store1\template\product\category.tpl on line 138
2017-07-02 4:17:04 - PHP Warning:  Illegal string offset 'href' in C:\xampp\htdocs\cms\shophai\catalog\view\theme\store1\template\product\category.tpl on line 141
2017-07-02 4:17:04 - PHP Warning:  Illegal string offset 'text' in C:\xampp\htdocs\cms\shophai\catalog\view\theme\store1\template\product\category.tpl on line 141
2017-07-02 4:17:04 - PHP Warning:  Illegal string offset 'value' in C:\xampp\htdocs\cms\shophai\catalog\view\theme\store1\template\product\category.tpl on line 152
2017-07-02 4:17:04 - PHP Warning:  Illegal string offset 'href' in C:\xampp\htdocs\cms\shophai\catalog\view\theme\store1\template\product\category.tpl on line 155
2017-07-02 4:17:04 - PHP Warning:  Illegal string offset 'text' in C:\xampp\htdocs\cms\shophai\catalog\view\theme\store1\template\product\category.tpl on line 155
2017-07-02 4:17:05 - PHP Notice:  Undefined variable: text_category in C:\xampp\htdocs\cms\shophai\catalog\view\theme\store1\template\extension\module\category.tpl on line 7
2017-07-02 4:17:13 - PHP Notice:  Undefined variable: text_category in C:\xampp\htdocs\cms\shophai\catalog\view\theme\store1\template\extension\module\category.tpl on line 7
2017-07-02 4:17:13 - PHP Warning:  Illegal string offset 'value' in C:\xampp\htdocs\cms\shophai\catalog\view\theme\store1\template\product\category.tpl on line 138
2017-07-02 4:17:13 - PHP Warning:  Illegal string offset 'href' in C:\xampp\htdocs\cms\shophai\catalog\view\theme\store1\template\product\category.tpl on line 141
2017-07-02 4:17:13 - PHP Warning:  Illegal string offset 'text' in C:\xampp\htdocs\cms\shophai\catalog\view\theme\store1\template\product\category.tpl on line 141
2017-07-02 4:17:13 - PHP Warning:  Illegal string offset 'value' in C:\xampp\htdocs\cms\shophai\catalog\view\theme\store1\template\product\category.tpl on line 138
2017-07-02 4:17:13 - PHP Warning:  Illegal string offset 'href' in C:\xampp\htdocs\cms\shophai\catalog\view\theme\store1\template\product\category.tpl on line 141
2017-07-02 4:17:13 - PHP Warning:  Illegal string offset 'text' in C:\xampp\htdocs\cms\shophai\catalog\view\theme\store1\template\product\category.tpl on line 141
2017-07-02 4:17:13 - PHP Warning:  Illegal string offset 'value' in C:\xampp\htdocs\cms\shophai\catalog\view\theme\store1\template\product\category.tpl on line 138
2017-07-02 4:17:13 - PHP Warning:  Illegal string offset 'href' in C:\xampp\htdocs\cms\shophai\catalog\view\theme\store1\template\product\category.tpl on line 141
2017-07-02 4:17:13 - PHP Warning:  Illegal string offset 'text' in C:\xampp\htdocs\cms\shophai\catalog\view\theme\store1\template\product\category.tpl on line 141
2017-07-02 4:17:13 - PHP Warning:  Illegal string offset 'value' in C:\xampp\htdocs\cms\shophai\catalog\view\theme\store1\template\product\category.tpl on line 152
2017-07-02 4:17:13 - PHP Warning:  Illegal string offset 'href' in C:\xampp\htdocs\cms\shophai\catalog\view\theme\store1\template\product\category.tpl on line 155
2017-07-02 4:17:13 - PHP Warning:  Illegal string offset 'text' in C:\xampp\htdocs\cms\shophai\catalog\view\theme\store1\template\product\category.tpl on line 155
2017-07-02 4:17:15 - PHP Notice:  Undefined variable: text_category in C:\xampp\htdocs\cms\shophai\catalog\view\theme\store1\template\extension\module\category.tpl on line 7
2017-07-02 4:17:21 - PHP Notice:  Undefined variable: text_category in C:\xampp\htdocs\cms\shophai\catalog\view\theme\store1\template\extension\module\category.tpl on line 7
2017-07-02 4:17:23 - PHP Notice:  Undefined variable: text_category in C:\xampp\htdocs\cms\shophai\catalog\view\theme\store1\template\extension\module\category.tpl on line 7
2017-07-02 4:19:05 - PHP Notice:  Undefined variable: text_category in C:\xampp\htdocs\cms\shophai\catalog\view\theme\store1\template\extension\module\category.tpl on line 7
2017-07-04 4:32:50 - PHP Notice:  Undefined variable: text_category in C:\xampp\htdocs\cms\shophai\catalog\view\theme\store1\template\extension\module\category.tpl on line 7
2017-07-04 4:33:07 - PHP Notice:  Undefined variable: text_category in C:\xampp\htdocs\cms\shophai\catalog\view\theme\store1\template\extension\module\category.tpl on line 7
2017-07-04 4:33:29 - PHP Notice:  Undefined variable: text_category in C:\xampp\htdocs\cms\shophai\catalog\view\theme\store1\template\extension\module\category.tpl on line 7
2017-07-04 4:33:36 - PHP Notice:  Undefined variable: text_category in C:\xampp\htdocs\cms\shophai\catalog\view\theme\store1\template\extension\module\category.tpl on line 7
2017-07-04 4:33:39 - PHP Notice:  Undefined variable: text_category in C:\xampp\htdocs\cms\shophai\catalog\view\theme\store1\template\extension\module\category.tpl on line 7
2017-07-04 4:33:43 - PHP Notice:  Undefined variable: text_category in C:\xampp\htdocs\cms\shophai\catalog\view\theme\store1\template\extension\module\category.tpl on line 7
2016-01-18 9:49:52 - PHP Notice:  Undefined variable: text_category in C:\xampp\htdocs\cms\shophai\catalog\view\theme\store1\template\extension\module\category.tpl on line 7
2016-01-18 9:51:02 - PHP Notice:  Undefined variable: text_category in C:\xampp\htdocs\cms\shophai\catalog\view\theme\store1\template\extension\module\category.tpl on line 7
2017-07-04 11:15:45 - PHP Notice:  Undefined variable: text_category in C:\xampp\htdocs\cms\shophai\catalog\view\theme\store1\template\extension\module\category.tpl on line 7
2017-07-04 11:15:49 - PHP Notice:  Undefined variable: text_category in C:\xampp\htdocs\cms\shophai\catalog\view\theme\store1\template\extension\module\category.tpl on line 7
2017-07-04 11:15:55 - PHP Notice:  Undefined variable: text_category in C:\xampp\htdocs\cms\shophai\catalog\view\theme\store1\template\extension\module\category.tpl on line 7
2017-07-04 11:16:26 - PHP Warning:  mail(): Failed to connect to mailserver at &quot;localhost&quot; port 25, verify your &quot;SMTP&quot; and &quot;smtp_port&quot; setting in php.ini or use ini_set() in C:\xampp\htdocs\cms\shophai\system\library\mail.php on line 156
2017-07-04 11:16:27 - PHP Warning:  mail(): Failed to connect to mailserver at &quot;localhost&quot; port 25, verify your &quot;SMTP&quot; and &quot;smtp_port&quot; setting in php.ini or use ini_set() in C:\xampp\htdocs\cms\shophai\system\library\mail.php on line 156
2017-07-04 11:16:38 - PHP Notice:  Undefined variable: text_category in C:\xampp\htdocs\cms\shophai\catalog\view\theme\store1\template\extension\module\category.tpl on line 7
2017-07-04 11:16:46 - PHP Notice:  Undefined variable: text_category in C:\xampp\htdocs\cms\shophai\catalog\view\theme\store1\template\extension\module\category.tpl on line 7
2017-07-04 11:18:23 - PHP Notice:  Undefined variable: text_category in C:\xampp\htdocs\cms\shophai\catalog\view\theme\store1\template\extension\module\category.tpl on line 7
2017-07-04 11:19:48 - PHP Notice:  Undefined variable: text_category in C:\xampp\htdocs\cms\shophai\catalog\view\theme\store1\template\extension\module\category.tpl on line 7
2017-07-04 11:20:01 - PHP Notice:  Trying to get property of non-object in C:\xampp\htdocs\cms\shophai\catalog\controller\extension\payment\web_payment_software.php on line 96
2017-07-04 11:20:01 - PHP Notice:  Trying to get property of non-object in C:\xampp\htdocs\cms\shophai\catalog\controller\extension\payment\web_payment_software.php on line 139
2017-07-04 11:20:14 - PHP Notice:  Trying to get property of non-object in C:\xampp\htdocs\cms\shophai\catalog\controller\extension\payment\web_payment_software.php on line 96
2017-07-04 11:20:14 - PHP Notice:  Trying to get property of non-object in C:\xampp\htdocs\cms\shophai\catalog\controller\extension\payment\web_payment_software.php on line 139
2017-07-04 11:20:15 - PHP Notice:  Trying to get property of non-object in C:\xampp\htdocs\cms\shophai\catalog\controller\extension\payment\web_payment_software.php on line 96
2017-07-04 11:20:15 - PHP Notice:  Trying to get property of non-object in C:\xampp\htdocs\cms\shophai\catalog\controller\extension\payment\web_payment_software.php on line 139
2017-07-04 11:20:16 - PHP Notice:  Trying to get property of non-object in C:\xampp\htdocs\cms\shophai\catalog\controller\extension\payment\web_payment_software.php on line 96
2017-07-04 11:20:16 - PHP Notice:  Trying to get property of non-object in C:\xampp\htdocs\cms\shophai\catalog\controller\extension\payment\web_payment_software.php on line 139
2017-07-04 11:20:21 - PHP Notice:  Trying to get property of non-object in C:\xampp\htdocs\cms\shophai\catalog\controller\extension\payment\web_payment_software.php on line 96
2017-07-04 11:20:21 - PHP Notice:  Trying to get property of non-object in C:\xampp\htdocs\cms\shophai\catalog\controller\extension\payment\web_payment_software.php on line 139
2017-07-04 11:20:22 - PHP Notice:  Trying to get property of non-object in C:\xampp\htdocs\cms\shophai\catalog\controller\extension\payment\web_payment_software.php on line 96
2017-07-04 11:20:22 - PHP Notice:  Trying to get property of non-object in C:\xampp\htdocs\cms\shophai\catalog\controller\extension\payment\web_payment_software.php on line 139
2017-07-04 11:20:22 - PHP Notice:  Trying to get property of non-object in C:\xampp\htdocs\cms\shophai\catalog\controller\extension\payment\web_payment_software.php on line 96
2017-07-04 11:20:22 - PHP Notice:  Trying to get property of non-object in C:\xampp\htdocs\cms\shophai\catalog\controller\extension\payment\web_payment_software.php on line 139
2017-07-04 11:20:22 - PHP Notice:  Trying to get property of non-object in C:\xampp\htdocs\cms\shophai\catalog\controller\extension\payment\web_payment_software.php on line 96
2017-07-04 11:20:22 - PHP Notice:  Trying to get property of non-object in C:\xampp\htdocs\cms\shophai\catalog\controller\extension\payment\web_payment_software.php on line 139
2017-07-04 11:20:23 - PHP Notice:  Trying to get property of non-object in C:\xampp\htdocs\cms\shophai\catalog\controller\extension\payment\web_payment_software.php on line 96
2017-07-04 11:20:23 - PHP Notice:  Trying to get property of non-object in C:\xampp\htdocs\cms\shophai\catalog\controller\extension\payment\web_payment_software.php on line 139
2017-07-04 11:20:24 - PHP Notice:  Trying to get property of non-object in C:\xampp\htdocs\cms\shophai\catalog\controller\extension\payment\web_payment_software.php on line 96
2017-07-04 11:20:24 - PHP Notice:  Trying to get property of non-object in C:\xampp\htdocs\cms\shophai\catalog\controller\extension\payment\web_payment_software.php on line 139
2017-07-04 11:20:25 - PHP Notice:  Trying to get property of non-object in C:\xampp\htdocs\cms\shophai\catalog\controller\extension\payment\web_payment_software.php on line 96
2017-07-04 11:20:25 - PHP Notice:  Trying to get property of non-object in C:\xampp\htdocs\cms\shophai\catalog\controller\extension\payment\web_payment_software.php on line 139
2017-07-04 11:34:36 - PHP Notice:  Undefined variable: text_category in C:\xampp\htdocs\cms\shophai\catalog\view\theme\store1\template\extension\module\category.tpl on line 7
2017-07-04 11:34:42 - PHP Notice:  Undefined variable: text_category in C:\xampp\htdocs\cms\shophai\catalog\view\theme\store1\template\extension\module\category.tpl on line 7
2017-07-04 12:17:33 - PHP Notice:  Undefined variable: text_category in C:\xampp\htdocs\cms\shophai\catalog\view\theme\store1\template\extension\module\category.tpl on line 7
2017-07-04 12:17:33 - PHP Notice:  Undefined variable: text_category in C:\xampp\htdocs\cms\shophai\catalog\view\theme\store1\template\extension\module\category.tpl on line 7
2017-07-04 12:17:34 - PHP Notice:  Undefined variable: text_category in C:\xampp\htdocs\cms\shophai\catalog\view\theme\store1\template\extension\module\category.tpl on line 7
2017-07-05 3:09:16 - PHP Notice:  Undefined variable: text_category in C:\xampp\htdocs\cms\shophai\catalog\view\theme\store1\template\extension\module\category.tpl on line 7
